<?xml version="1.0" encoding="UTF-8"?>
<!-- Generated by org.testng.reporters.JUnitReportReporter -->
<testsuite hostname="DESKTOP-K2BT05N" failures="0" tests="1" name="testcase.SignbupTest" time="84.650" errors="0" timestamp="2023-12-16T13:37:16 IST" skipped="0">
  <testcase classname="testcase.SignbupTest" name="signup" time="84.650"/>
</testsuite> <!-- testcase.SignbupTest -->
