<?xml version="1.0" encoding="UTF-8"?>
<!-- Generated by org.testng.reporters.JUnitReportReporter -->
<testsuite hostname="DESKTOP-K2BT05N" failures="0" tests="2" name="NewTest" time="27.661" errors="0" timestamp="2023-12-21T21:25:07 IST" skipped="0">
  <testcase classname="NewTest" name="signup" time="18.859"/>
  <testcase classname="NewTest" name="Login" time="8.802"/>
</testsuite> <!-- NewTest -->
